<?xml version="1.0" encoding="UTF-8"?>
<!-- Generated by org.testng.reporters.JUnitXMLReporter -->
<testsuite hostname="WL302167" ignored="0" name="OpenCartTests" tests="3" failures="1" timestamp="2021-03-25T21:54:52 GMT" time="22.532" errors="0">
  <testcase name="test_account_Registration" time="4.271" classname="testCases.TC_001_AccountRegistration">
    <failure type="java.lang.AssertionError" message="expected [true] but found [false]">
      <![CDATA[java.lang.AssertionError: expected [true] but found [false]
at testCases.TC_001_AccountRegistration.test_account_Registration(TC_001_AccountRegistration.java:59)
at java.util.ArrayList.forEach(ArrayList.java:1259)
... Removed 31 stack frames]]>
    </failure>
  </testcase> <!-- test_account_Registration -->
  <testcase name="test_Login" time="5.294" classname="testCases.TC_002_LoginPage"/>
  <testcase name="testSearchBox" time="5.786" classname="testCases.TC_004_SearchBoxValidate"/>
</testsuite> <!-- OpenCartTests -->
