<?xml version="1.0" encoding="UTF-8"?>
<!-- Generated by org.testng.reporters.JUnitXMLReporter -->
<testsuite hostname="WL302167" ignored="0" name="Default test(failed)(failed)" tests="1" failures="0" timestamp="2021-03-25T21:51:39 GMT" time="0.044" errors="0">
  <testcase name="@BeforeClass setup" time="-1.616709099526E9" classname="testBase.BaseClass">
    <failure type="org.testng.TestNGException" message="
Parameter &amp;apos;browser&amp;apos; is required by BeforeClass on method setup but has not been marked @Optional or defined
in C:\Users\202183\eclipse-workspace\opecartv1\test-output\testng-failed.xml">
      <![CDATA[org.testng.TestNGException: 
Parameter 'browser' is required by BeforeClass on method setup but has not been marked @Optional or defined
in C:\Users\202183\eclipse-workspace\opecartv1\test-output\testng-failed.xml
at java.util.ArrayList.forEach(ArrayList.java:1259)
... Removed 22 stack frames]]>
    </failure>
  </testcase> <!-- @BeforeClass setup -->
  <testcase name="@AfterClass tearDown" time="-1.616709099549E9" classname="testBase.BaseClass">
    <skipped/>
  </testcase> <!-- @AfterClass tearDown -->
  <testcase name="test_account_Registration" time="0.0" classname="testCases.TC_001_AccountRegistration">
    <skipped/>
  </testcase> <!-- test_account_Registration -->
</testsuite> <!-- Default test(failed)(failed) -->
